<?xml version="1.0" encoding="UTF-8"?>
<testng-results ignored="0" total="6" passed="5" failed="1" skipped="0">
  <reporter-output>
  </reporter-output>
  <suite started-at="2023-02-18T22:53:02 IST" name="All Test Suite" finished-at="2023-02-18T22:56:23 IST" duration-ms="200911">
    <groups>
      <group name="cucumber">
        <method signature="AbstractTestNGCucumberTests.runScenario(io.cucumber.testng.PickleWrapper,io.cucumber.testng.FeatureWrapper)[pri:0, instance:com.gemini.generic.bdd.GemJarCucumberBase@45d84a20]" name="runScenario" class="io.cucumber.testng.AbstractTestNGCucumberTests"/>
      </group> <!-- cucumber -->
    </groups>
    <test started-at="2023-02-18T22:53:02 IST" name="Gembook" finished-at="2023-02-18T22:56:23 IST" duration-ms="200911">
      <class name="com.gemini.generic.bdd.GemJarCucumberBase">
        <test-method is-config="true" signature="beforeSuite(org.testng.ITestContext)[pri:0, instance:com.gemini.generic.bdd.GemJarCucumberBase@45d84a20]" started-at="2023-02-18T22:53:01 IST" name="beforeSuite" finished-at="2023-02-18T22:53:02 IST" duration-ms="1446" status="PASS">
          <params>
            <param index="0">
              <value>
                <![CDATA[org.testng.TestRunner@5cb042da]]>
              </value>
            </param>
          </params>
          <reporter-output>
          </reporter-output>
        </test-method> <!-- beforeSuite -->
        <test-method is-config="true" signature="setUpClass(org.testng.ITestContext)[pri:0, instance:com.gemini.generic.bdd.GemJarCucumberBase@45d84a20]" started-at="2023-02-18T22:53:02 IST" name="setUpClass" finished-at="2023-02-18T22:53:06 IST" duration-ms="3499" status="PASS">
          <params>
            <param index="0">
              <value>
                <![CDATA[org.testng.TestRunner@5cb042da]]>
              </value>
            </param>
          </params>
          <reporter-output>
          </reporter-output>
        </test-method> <!-- setUpClass -->
        <test-method signature="runScenario(io.cucumber.testng.PickleWrapper,io.cucumber.testng.FeatureWrapper)[pri:0, instance:com.gemini.generic.bdd.GemJarCucumberBase@45d84a20]" started-at="2023-02-18T22:53:06 IST" name="runScenario" description="Runs Cucumber Scenarios" data-provider="scenarios" finished-at="2023-02-18T22:53:46 IST" duration-ms="39573" status="PASS">
          <params>
            <param index="0">
              <value>
                <![CDATA["Gembook_OtherPortals_OtherPortalsPresence"]]>
              </value>
            </param>
            <param index="1">
              <value>
                <![CDATA["Gembook -> OtherPortals"]]>
              </value>
            </param>
          </params>
          <reporter-output>
          </reporter-output>
        </test-method> <!-- runScenario -->
        <test-method signature="runScenario(io.cucumber.testng.PickleWrapper,io.cucumber.testng.FeatureWrapper)[pri:0, instance:com.gemini.generic.bdd.GemJarCucumberBase@45d84a20]" started-at="2023-02-18T22:53:46 IST" name="runScenario" description="Runs Cucumber Scenarios" data-provider="scenarios" finished-at="2023-02-18T22:54:18 IST" duration-ms="32097" status="PASS">
          <params>
            <param index="0">
              <value>
                <![CDATA["Gembook_OtherPortals_OtherPortalsItemsVerification"]]>
              </value>
            </param>
            <param index="1">
              <value>
                <![CDATA["Gembook -> OtherPortals"]]>
              </value>
            </param>
          </params>
          <reporter-output>
          </reporter-output>
        </test-method> <!-- runScenario -->
        <test-method signature="runScenario(io.cucumber.testng.PickleWrapper,io.cucumber.testng.FeatureWrapper)[pri:0, instance:com.gemini.generic.bdd.GemJarCucumberBase@45d84a20]" started-at="2023-02-18T22:54:18 IST" name="runScenario" description="Runs Cucumber Scenarios" data-provider="scenarios" finished-at="2023-02-18T22:54:27 IST" duration-ms="9700" status="FAIL">
          <params>
            <param index="0">
              <value>
                <![CDATA["Gembook_OtherPortals_ArrowIcon"]]>
              </value>
            </param>
            <param index="1">
              <value>
                <![CDATA["Gembook -> OtherPortals"]]>
              </value>
            </param>
          </params>
          <exception class="java.lang.NullPointerException">
            <full-stacktrace>
              <![CDATA[java.lang.NullPointerException
at org.openqa.selenium.support.ui.ExpectedConditions.elementIfVisible(ExpectedConditions.java:307)
at org.openqa.selenium.support.ui.ExpectedConditions.access$000(ExpectedConditions.java:40)
at org.openqa.selenium.support.ui.ExpectedConditions$10.apply(ExpectedConditions.java:293)
at org.openqa.selenium.support.ui.ExpectedConditions$10.apply(ExpectedConditions.java:290)
at org.openqa.selenium.support.ui.FluentWait.until(FluentWait.java:208)
at com.gemini.generic.ui.utils.DriverAction.waitUntilElementAppear(DriverAction.java:1101)
at com.qa.gembook.StepDefinition.GembookUtils.enterCredentials(GembookUtils.java:43)
at ✽.User enters the "username"(file:///C:/Users/ka.thakur/Desktop/gembook_automation/src/main/resources/features/OtherPortals.feature:5)
]]>
            </full-stacktrace>
          </exception> <!-- java.lang.NullPointerException -->
          <reporter-output>
          </reporter-output>
        </test-method> <!-- runScenario -->
        <test-method signature="runScenario(io.cucumber.testng.PickleWrapper,io.cucumber.testng.FeatureWrapper)[pri:0, instance:com.gemini.generic.bdd.GemJarCucumberBase@45d84a20]" started-at="2023-02-18T22:54:27 IST" name="runScenario" description="Runs Cucumber Scenarios" data-provider="scenarios" finished-at="2023-02-18T22:55:04 IST" duration-ms="36410" status="PASS">
          <params>
            <param index="0">
              <value>
                <![CDATA["Gembook_OtherPortals_TooltipVerification"]]>
              </value>
            </param>
            <param index="1">
              <value>
                <![CDATA["Gembook -> OtherPortals"]]>
              </value>
            </param>
          </params>
          <reporter-output>
          </reporter-output>
        </test-method> <!-- runScenario -->
        <test-method signature="runScenario(io.cucumber.testng.PickleWrapper,io.cucumber.testng.FeatureWrapper)[pri:0, instance:com.gemini.generic.bdd.GemJarCucumberBase@45d84a20]" started-at="2023-02-18T22:55:04 IST" name="runScenario" description="Runs Cucumber Scenarios" data-provider="scenarios" finished-at="2023-02-18T22:55:39 IST" duration-ms="35505" status="PASS">
          <params>
            <param index="0">
              <value>
                <![CDATA["Gembook_OtherPortals_TooltipVerification"]]>
              </value>
            </param>
            <param index="1">
              <value>
                <![CDATA["Gembook -> OtherPortals"]]>
              </value>
            </param>
          </params>
          <reporter-output>
          </reporter-output>
        </test-method> <!-- runScenario -->
        <test-method signature="runScenario(io.cucumber.testng.PickleWrapper,io.cucumber.testng.FeatureWrapper)[pri:0, instance:com.gemini.generic.bdd.GemJarCucumberBase@45d84a20]" started-at="2023-02-18T22:55:39 IST" name="runScenario" description="Runs Cucumber Scenarios" data-provider="scenarios" finished-at="2023-02-18T22:56:15 IST" duration-ms="35420" status="PASS">
          <params>
            <param index="0">
              <value>
                <![CDATA["Gembook_OtherPortals_TooltipVerification"]]>
              </value>
            </param>
            <param index="1">
              <value>
                <![CDATA["Gembook -> OtherPortals"]]>
              </value>
            </param>
          </params>
          <reporter-output>
          </reporter-output>
        </test-method> <!-- runScenario -->
        <test-method is-config="true" signature="tearDownClass()[pri:0, instance:com.gemini.generic.bdd.GemJarCucumberBase@45d84a20]" started-at="2023-02-18T22:56:15 IST" name="tearDownClass" finished-at="2023-02-18T22:56:23 IST" duration-ms="8613" status="PASS">
          <reporter-output>
          </reporter-output>
        </test-method> <!-- tearDownClass -->
      </class> <!-- com.gemini.generic.bdd.GemJarCucumberBase -->
    </test> <!-- Gembook -->
  </suite> <!-- All Test Suite -->
</testng-results>
